{ message: '탐색을 실시합니다. 시작 시각 : 2019-8-17 15:55:00',
  level: 'info',
  timestamp: '2019-08-17T06:55:00.012Z' }
{ message: '탐색을 종료합니다. 종료 시각 : 2019-8-17 15:55:20',
  level: 'info',
  timestamp: '2019-08-17T06:55:20.219Z' }
{ message: '계산 항목이 존재하지 않으므로 계산 종료합니다. 종료 시각 : 2019-8-17 15:55:20',
  level: 'info',
  timestamp: '2019-08-17T06:55:20.221Z' }
{ message: '탐색을 실시합니다. 시작 시각 : 2019-8-17 16:05:00',
  level: 'info',
  timestamp: '2019-08-17T07:05:00.012Z' }
{ message: '탐색을 종료합니다. 종료 시각 : 2019-8-17 16:05:20',
  level: 'info',
  timestamp: '2019-08-17T07:05:20.320Z' }
{ message: '13원을 onad6309 에게서 지급받았습니다.',
  level: 'info',
  timestamp: '2019-08-17T07:05:20.346Z' }
{ message: '13 원을 138783040 에게 입금하였습니다',
  level: 'info',
  timestamp: '2019-08-17T07:05:20.367Z' }
{ message: '13 원을 onad6309_01/138783040/1908170013 에 등록하였습니다.',
  level: 'info',
  timestamp: '2019-08-17T07:05:20.387Z' }
{ message: '계산을 종료합니다. 종료 시각 : 2019-8-17 16:05:20',
  level: 'info',
  timestamp: '2019-08-17T07:05:20.409Z' }
